2019-07-31 11:35:46,930 [main] INFO  com.boot.Test.DemoTest - Starting DemoTest on dongbenqiang-PC with PID 2600 (started by Administrator in F:\dong\spring-boot-samples-master)
2019-07-31 11:35:46,931 [main] INFO  com.boot.Test.DemoTest - No active profile set, falling back to default profiles: default
2019-07-31 11:35:47,197 [main] INFO  org.springframework.web.context.support.GenericWebApplicationContext - Refreshing org.springframework.web.context.support.GenericWebApplicationContext@557a1e2d: startup date [Wed Jul 31 11:35:47 CST 2019]; root of context hierarchy
2019-07-31 11:35:47,296 [background-preinit] INFO  org.hibernate.validator.internal.util.Version - HV000001: Hibernate Validator 5.3.6.Final
2019-07-31 11:35:49,207 [main] INFO  o.springframework.web.servlet.mvc.method.annotation.RequestMappingHandlerAdapter - Looking for @ControllerAdvice: org.springframework.web.context.support.GenericWebApplicationContext@557a1e2d: startup date [Wed Jul 31 11:35:47 CST 2019]; root of context hierarchy
2019-07-31 11:35:49,280 [main] INFO  o.springframework.web.servlet.mvc.method.annotation.RequestMappingHandlerMapping - Mapped "{[/]}" onto java.lang.String com.boot.controllers.MainController.home()
2019-07-31 11:35:49,282 [main] INFO  o.springframework.web.servlet.mvc.method.annotation.RequestMappingHandlerMapping - Mapped "{[/user]}" onto public java.lang.String com.boot.controllers.UserController.getIndex(org.springframework.ui.Model)
2019-07-31 11:35:49,283 [main] INFO  o.springframework.web.servlet.mvc.method.annotation.RequestMappingHandlerMapping - Mapped "{[/error]}" onto public org.springframework.http.ResponseEntity<java.util.Map<java.lang.String, java.lang.Object>> org.springframework.boot.autoconfigure.web.BasicErrorController.error(javax.servlet.http.HttpServletRequest)
2019-07-31 11:35:49,284 [main] INFO  o.springframework.web.servlet.mvc.method.annotation.RequestMappingHandlerMapping - Mapped "{[/error],produces=[text/html]}" onto public org.springframework.web.servlet.ModelAndView org.springframework.boot.autoconfigure.web.BasicErrorController.errorHtml(javax.servlet.http.HttpServletRequest,javax.servlet.http.HttpServletResponse)
2019-07-31 11:35:49,328 [main] INFO  org.springframework.web.servlet.handler.SimpleUrlHandlerMapping - Mapped URL path [/webjars/**] onto handler of type [class org.springframework.web.servlet.resource.ResourceHttpRequestHandler]
2019-07-31 11:35:49,329 [main] INFO  org.springframework.web.servlet.handler.SimpleUrlHandlerMapping - Mapped URL path [/**] onto handler of type [class org.springframework.web.servlet.resource.ResourceHttpRequestHandler]
2019-07-31 11:35:49,366 [main] INFO  org.springframework.web.servlet.handler.SimpleUrlHandlerMapping - Mapped URL path [/**/favicon.ico] onto handler of type [class org.springframework.web.servlet.resource.ResourceHttpRequestHandler]
2019-07-31 11:35:50,050 [main] INFO  com.boot.Test.DemoTest - Started DemoTest in 3.65 seconds (JVM running for 5.098)
2019-07-31 11:36:22,459 [main] INFO  com.boot.Test.DemoTest - {}null
2019-07-31 11:36:22,459 [main] INFO  com.boot.Test.DemoTest - 查找结果[SysUser(userId=1, deptId=103, parentId=null, roleId=null, loginName=admin, userName=若依, email=ry@163.com, phonenumber=15888888888, sex=1, avatar=, password=29c67a30398638269fe600f73a054934, salt=111111, status=0, delFlag=0, loginIp=127.0.0.1, loginDate=Fri Mar 16 11:33:00 CST 2018, dept=SysDept(deptId=103, parentId=null, ancestors=null, deptName=研发部门, orderNum=null, leader=若依, phone=null, email=null, status=null, delFlag=null, parentName=null), roles=[], roleIds=null, postIds=null)]
2019-07-31 11:36:22,469 [Thread-2] INFO  org.springframework.web.context.support.GenericWebApplicationContext - Closing org.springframework.web.context.support.GenericWebApplicationContext@557a1e2d: startup date [Wed Jul 31 11:35:47 CST 2019]; root of context hierarchy
2019-07-31 14:25:28,820 [main] INFO  com.boot.Test.DemoTest - Starting DemoTest on dongbenqiang-PC with PID 6552 (started by Administrator in F:\dong\spring-boot-samples-master)
2019-07-31 14:25:28,825 [main] INFO  com.boot.Test.DemoTest - No active profile set, falling back to default profiles: default
2019-07-31 14:25:29,235 [main] INFO  org.springframework.web.context.support.GenericWebApplicationContext - Refreshing org.springframework.web.context.support.GenericWebApplicationContext@8462f31: startup date [Wed Jul 31 14:25:29 CST 2019]; root of context hierarchy
2019-07-31 14:25:29,306 [background-preinit] INFO  org.hibernate.validator.internal.util.Version - HV000001: Hibernate Validator 5.3.6.Final
2019-07-31 14:25:31,386 [main] INFO  o.springframework.web.servlet.mvc.method.annotation.RequestMappingHandlerAdapter - Looking for @ControllerAdvice: org.springframework.web.context.support.GenericWebApplicationContext@8462f31: startup date [Wed Jul 31 14:25:29 CST 2019]; root of context hierarchy
2019-07-31 14:25:31,456 [main] INFO  o.springframework.web.servlet.mvc.method.annotation.RequestMappingHandlerMapping - Mapped "{[/]}" onto java.lang.String com.boot.controllers.MainController.home()
2019-07-31 14:25:31,457 [main] INFO  o.springframework.web.servlet.mvc.method.annotation.RequestMappingHandlerMapping - Mapped "{[/user]}" onto public java.lang.String com.boot.controllers.UserController.getIndex(org.springframework.ui.Model)
2019-07-31 14:25:31,458 [main] INFO  o.springframework.web.servlet.mvc.method.annotation.RequestMappingHandlerMapping - Mapped "{[/error]}" onto public org.springframework.http.ResponseEntity<java.util.Map<java.lang.String, java.lang.Object>> org.springframework.boot.autoconfigure.web.BasicErrorController.error(javax.servlet.http.HttpServletRequest)
2019-07-31 14:25:31,458 [main] INFO  o.springframework.web.servlet.mvc.method.annotation.RequestMappingHandlerMapping - Mapped "{[/error],produces=[text/html]}" onto public org.springframework.web.servlet.ModelAndView org.springframework.boot.autoconfigure.web.BasicErrorController.errorHtml(javax.servlet.http.HttpServletRequest,javax.servlet.http.HttpServletResponse)
2019-07-31 14:25:31,494 [main] INFO  org.springframework.web.servlet.handler.SimpleUrlHandlerMapping - Mapped URL path [/webjars/**] onto handler of type [class org.springframework.web.servlet.resource.ResourceHttpRequestHandler]
2019-07-31 14:25:31,494 [main] INFO  org.springframework.web.servlet.handler.SimpleUrlHandlerMapping - Mapped URL path [/**] onto handler of type [class org.springframework.web.servlet.resource.ResourceHttpRequestHandler]
2019-07-31 14:25:31,525 [main] INFO  org.springframework.web.servlet.handler.SimpleUrlHandlerMapping - Mapped URL path [/**/favicon.ico] onto handler of type [class org.springframework.web.servlet.resource.ResourceHttpRequestHandler]
2019-07-31 14:25:32,302 [main] INFO  com.boot.Test.DemoTest - Started DemoTest in 3.917 seconds (JVM running for 5.533)
2019-07-31 14:25:33,106 [main] INFO  com.boot.Test.DemoTest - {}null
2019-07-31 14:25:33,107 [main] INFO  com.boot.Test.DemoTest - 查找结果[SysUser(userId=1, deptId=103, parentId=null, roleId=null, loginName=admin, userName=若依, email=ry@163.com, phonenumber=15888888888, sex=1, avatar=, password=29c67a30398638269fe600f73a054934, salt=111111, status=0, delFlag=0, loginIp=127.0.0.1, loginDate=Fri Mar 16 11:33:00 CST 2018, dept=SysDept(deptId=103, parentId=null, ancestors=null, deptName=研发部门, orderNum=null, leader=若依, phone=null, email=null, status=null, delFlag=null, parentName=null), roles=[], roleIds=null, postIds=null)]
2019-07-31 14:25:33,121 [Thread-4] INFO  org.springframework.web.context.support.GenericWebApplicationContext - Closing org.springframework.web.context.support.GenericWebApplicationContext@8462f31: startup date [Wed Jul 31 14:25:29 CST 2019]; root of context hierarchy
2019-07-31 14:30:15,515 [main] INFO  com.boot.Test.DemoTest - Starting DemoTest on dongbenqiang-PC with PID 19852 (started by Administrator in F:\dong\spring-boot-samples-master)
2019-07-31 14:30:15,516 [main] INFO  com.boot.Test.DemoTest - No active profile set, falling back to default profiles: default
2019-07-31 14:30:15,711 [main] INFO  org.springframework.web.context.support.GenericWebApplicationContext - Refreshing org.springframework.web.context.support.GenericWebApplicationContext@2b40ff9c: startup date [Wed Jul 31 14:30:15 CST 2019]; root of context hierarchy
2019-07-31 14:30:15,821 [background-preinit] INFO  org.hibernate.validator.internal.util.Version - HV000001: Hibernate Validator 5.3.6.Final
2019-07-31 14:30:17,354 [main] INFO  o.springframework.web.servlet.mvc.method.annotation.RequestMappingHandlerAdapter - Looking for @ControllerAdvice: org.springframework.web.context.support.GenericWebApplicationContext@2b40ff9c: startup date [Wed Jul 31 14:30:15 CST 2019]; root of context hierarchy
2019-07-31 14:30:17,419 [main] INFO  o.springframework.web.servlet.mvc.method.annotation.RequestMappingHandlerMapping - Mapped "{[/]}" onto java.lang.String com.boot.controllers.MainController.home()
2019-07-31 14:30:17,420 [main] INFO  o.springframework.web.servlet.mvc.method.annotation.RequestMappingHandlerMapping - Mapped "{[/user]}" onto public java.lang.String com.boot.controllers.UserController.getIndex(org.springframework.ui.Model)
2019-07-31 14:30:17,421 [main] INFO  o.springframework.web.servlet.mvc.method.annotation.RequestMappingHandlerMapping - Mapped "{[/error]}" onto public org.springframework.http.ResponseEntity<java.util.Map<java.lang.String, java.lang.Object>> org.springframework.boot.autoconfigure.web.BasicErrorController.error(javax.servlet.http.HttpServletRequest)
2019-07-31 14:30:17,422 [main] INFO  o.springframework.web.servlet.mvc.method.annotation.RequestMappingHandlerMapping - Mapped "{[/error],produces=[text/html]}" onto public org.springframework.web.servlet.ModelAndView org.springframework.boot.autoconfigure.web.BasicErrorController.errorHtml(javax.servlet.http.HttpServletRequest,javax.servlet.http.HttpServletResponse)
2019-07-31 14:30:17,443 [main] INFO  org.springframework.web.servlet.handler.SimpleUrlHandlerMapping - Mapped URL path [/webjars/**] onto handler of type [class org.springframework.web.servlet.resource.ResourceHttpRequestHandler]
2019-07-31 14:30:17,444 [main] INFO  org.springframework.web.servlet.handler.SimpleUrlHandlerMapping - Mapped URL path [/**] onto handler of type [class org.springframework.web.servlet.resource.ResourceHttpRequestHandler]
2019-07-31 14:30:17,473 [main] INFO  org.springframework.web.servlet.handler.SimpleUrlHandlerMapping - Mapped URL path [/**/favicon.ico] onto handler of type [class org.springframework.web.servlet.resource.ResourceHttpRequestHandler]
2019-07-31 14:30:17,932 [main] INFO  com.boot.Test.DemoTest - Started DemoTest in 2.73 seconds (JVM running for 3.302)
2019-07-31 14:30:18,365 [main] INFO  com.boot.Test.DemoTest - {}null
2019-07-31 14:30:18,365 [main] INFO  com.boot.Test.DemoTest - 查找结果[SysUser(userId=1, deptId=103, parentId=null, roleId=null, loginName=admin, userName=若依, email=ry@163.com, phonenumber=15888888888, sex=1, avatar=, password=29c67a30398638269fe600f73a054934, salt=111111, status=0, delFlag=0, loginIp=127.0.0.1, loginDate=Fri Mar 16 11:33:00 CST 2018, dept=SysDept(deptId=103, parentId=null, ancestors=null, deptName=研发部门, orderNum=null, leader=若依, phone=null, email=null, status=null, delFlag=null, parentName=null), roles=[], roleIds=null, postIds=null)]
2019-07-31 14:30:18,369 [Thread-4] INFO  org.springframework.web.context.support.GenericWebApplicationContext - Closing org.springframework.web.context.support.GenericWebApplicationContext@2b40ff9c: startup date [Wed Jul 31 14:30:15 CST 2019]; root of context hierarchy
