2019-07-30 19:22:20,238 [main] INFO  com.boot.Test.DemoTest - Starting DemoTest on dongbenqiang-PC with PID 15364 (started by Administrator in F:\dong\spring-boot-samples-master)
2019-07-30 19:22:20,239 [main] INFO  com.boot.Test.DemoTest - No active profile set, falling back to default profiles: default
2019-07-30 19:22:20,498 [main] INFO  org.springframework.web.context.support.GenericWebApplicationContext - Refreshing org.springframework.web.context.support.GenericWebApplicationContext@231f98ef: startup date [Tue Jul 30 19:22:20 CST 2019]; root of context hierarchy
2019-07-30 19:22:20,542 [background-preinit] INFO  org.hibernate.validator.internal.util.Version - HV000001: Hibernate Validator 5.3.6.Final
2019-07-30 19:22:21,560 [main] INFO  o.s.boot.autoconfigure.logging.AutoConfigurationReportLoggingInitializer - 

Error starting ApplicationContext. To display the auto-configuration report re-run your application with 'debug' enabled.
2019-07-30 19:24:32,955 [main] INFO  com.boot.Test.DemoTest - Starting DemoTest on dongbenqiang-PC with PID 13888 (started by Administrator in F:\dong\spring-boot-samples-master)
2019-07-30 19:24:32,956 [main] INFO  com.boot.Test.DemoTest - No active profile set, falling back to default profiles: default
2019-07-30 19:24:33,185 [main] INFO  org.springframework.web.context.support.GenericWebApplicationContext - Refreshing org.springframework.web.context.support.GenericWebApplicationContext@231f98ef: startup date [Tue Jul 30 19:24:33 CST 2019]; root of context hierarchy
2019-07-30 19:24:33,239 [background-preinit] INFO  org.hibernate.validator.internal.util.Version - HV000001: Hibernate Validator 5.3.6.Final
2019-07-30 19:24:34,319 [main] INFO  o.s.boot.autoconfigure.logging.AutoConfigurationReportLoggingInitializer - 

Error starting ApplicationContext. To display the auto-configuration report re-run your application with 'debug' enabled.
2019-07-30 19:28:20,571 [main] INFO  com.boot.Test.DemoTest - Starting DemoTest on dongbenqiang-PC with PID 15488 (started by Administrator in F:\dong\spring-boot-samples-master)
2019-07-30 19:28:20,572 [main] INFO  com.boot.Test.DemoTest - No active profile set, falling back to default profiles: default
2019-07-30 19:28:20,793 [main] INFO  org.springframework.web.context.support.GenericWebApplicationContext - Refreshing org.springframework.web.context.support.GenericWebApplicationContext@231f98ef: startup date [Tue Jul 30 19:28:20 CST 2019]; root of context hierarchy
2019-07-30 19:28:20,873 [background-preinit] INFO  org.hibernate.validator.internal.util.Version - HV000001: Hibernate Validator 5.3.6.Final
2019-07-30 19:28:21,966 [main] INFO  o.s.boot.autoconfigure.logging.AutoConfigurationReportLoggingInitializer - 

Error starting ApplicationContext. To display the auto-configuration report re-run your application with 'debug' enabled.
2019-07-30 19:29:11,369 [main] INFO  com.boot.Test.DemoTest - Starting DemoTest on dongbenqiang-PC with PID 13536 (started by Administrator in F:\dong\spring-boot-samples-master)
2019-07-30 19:29:11,370 [main] INFO  com.boot.Test.DemoTest - No active profile set, falling back to default profiles: default
2019-07-30 19:29:11,618 [main] INFO  org.springframework.web.context.support.GenericWebApplicationContext - Refreshing org.springframework.web.context.support.GenericWebApplicationContext@231f98ef: startup date [Tue Jul 30 19:29:11 CST 2019]; root of context hierarchy
2019-07-30 19:29:11,735 [background-preinit] INFO  org.hibernate.validator.internal.util.Version - HV000001: Hibernate Validator 5.3.6.Final
2019-07-30 19:29:12,718 [main] INFO  o.s.boot.autoconfigure.logging.AutoConfigurationReportLoggingInitializer - 

Error starting ApplicationContext. To display the auto-configuration report re-run your application with 'debug' enabled.
2019-07-30 19:33:03,815 [main] INFO  com.boot.Test.DemoTest - Starting DemoTest on dongbenqiang-PC with PID 9808 (started by Administrator in F:\dong\spring-boot-samples-master)
2019-07-30 19:33:03,816 [main] INFO  com.boot.Test.DemoTest - No active profile set, falling back to default profiles: default
2019-07-30 19:33:03,991 [main] INFO  org.springframework.web.context.support.GenericWebApplicationContext - Refreshing org.springframework.web.context.support.GenericWebApplicationContext@231f98ef: startup date [Tue Jul 30 19:33:03 CST 2019]; root of context hierarchy
2019-07-30 19:33:04,135 [background-preinit] INFO  org.hibernate.validator.internal.util.Version - HV000001: Hibernate Validator 5.3.6.Final
2019-07-30 19:33:05,130 [main] INFO  o.s.boot.autoconfigure.logging.AutoConfigurationReportLoggingInitializer - 

Error starting ApplicationContext. To display the auto-configuration report re-run your application with 'debug' enabled.
2019-07-30 19:35:32,196 [main] INFO  com.boot.Test.DemoTest - Starting DemoTest on dongbenqiang-PC with PID 8500 (started by Administrator in F:\dong\spring-boot-samples-master)
2019-07-30 19:35:32,196 [main] INFO  com.boot.Test.DemoTest - No active profile set, falling back to default profiles: default
2019-07-30 19:35:32,413 [main] INFO  org.springframework.web.context.support.GenericWebApplicationContext - Refreshing org.springframework.web.context.support.GenericWebApplicationContext@231f98ef: startup date [Tue Jul 30 19:35:32 CST 2019]; root of context hierarchy
2019-07-30 19:35:32,610 [background-preinit] INFO  org.hibernate.validator.internal.util.Version - HV000001: Hibernate Validator 5.3.6.Final
2019-07-30 19:35:34,028 [main] INFO  o.springframework.web.servlet.mvc.method.annotation.RequestMappingHandlerAdapter - Looking for @ControllerAdvice: org.springframework.web.context.support.GenericWebApplicationContext@231f98ef: startup date [Tue Jul 30 19:35:32 CST 2019]; root of context hierarchy
2019-07-30 19:35:34,094 [main] INFO  o.springframework.web.servlet.mvc.method.annotation.RequestMappingHandlerMapping - Mapped "{[/]}" onto java.lang.String com.boot.controllers.MainController.home()
2019-07-30 19:35:34,095 [main] INFO  o.springframework.web.servlet.mvc.method.annotation.RequestMappingHandlerMapping - Mapped "{[/user]}" onto public java.lang.String com.boot.controllers.UserController.getIndex(org.springframework.ui.Model)
2019-07-30 19:35:34,096 [main] INFO  o.springframework.web.servlet.mvc.method.annotation.RequestMappingHandlerMapping - Mapped "{[/error]}" onto public org.springframework.http.ResponseEntity<java.util.Map<java.lang.String, java.lang.Object>> org.springframework.boot.autoconfigure.web.BasicErrorController.error(javax.servlet.http.HttpServletRequest)
2019-07-30 19:35:34,096 [main] INFO  o.springframework.web.servlet.mvc.method.annotation.RequestMappingHandlerMapping - Mapped "{[/error],produces=[text/html]}" onto public org.springframework.web.servlet.ModelAndView org.springframework.boot.autoconfigure.web.BasicErrorController.errorHtml(javax.servlet.http.HttpServletRequest,javax.servlet.http.HttpServletResponse)
2019-07-30 19:35:34,120 [main] INFO  org.springframework.web.servlet.handler.SimpleUrlHandlerMapping - Mapped URL path [/webjars/**] onto handler of type [class org.springframework.web.servlet.resource.ResourceHttpRequestHandler]
2019-07-30 19:35:34,120 [main] INFO  org.springframework.web.servlet.handler.SimpleUrlHandlerMapping - Mapped URL path [/**] onto handler of type [class org.springframework.web.servlet.resource.ResourceHttpRequestHandler]
2019-07-30 19:35:34,163 [main] INFO  org.springframework.web.servlet.handler.SimpleUrlHandlerMapping - Mapped URL path [/**/favicon.ico] onto handler of type [class org.springframework.web.servlet.resource.ResourceHttpRequestHandler]
2019-07-30 19:35:34,683 [main] INFO  com.boot.Test.DemoTest - Started DemoTest in 3.004 seconds (JVM running for 3.598)
2019-07-30 19:35:34,786 [Thread-2] INFO  org.springframework.web.context.support.GenericWebApplicationContext - Closing org.springframework.web.context.support.GenericWebApplicationContext@231f98ef: startup date [Tue Jul 30 19:35:32 CST 2019]; root of context hierarchy
2019-07-30 19:38:34,304 [main] INFO  com.boot.Test.DemoTest - Starting DemoTest on dongbenqiang-PC with PID 14856 (started by Administrator in F:\dong\spring-boot-samples-master)
2019-07-30 19:38:34,305 [main] INFO  com.boot.Test.DemoTest - No active profile set, falling back to default profiles: default
2019-07-30 19:38:34,523 [main] INFO  org.springframework.web.context.support.GenericWebApplicationContext - Refreshing org.springframework.web.context.support.GenericWebApplicationContext@231f98ef: startup date [Tue Jul 30 19:38:34 CST 2019]; root of context hierarchy
2019-07-30 19:38:34,596 [background-preinit] INFO  org.hibernate.validator.internal.util.Version - HV000001: Hibernate Validator 5.3.6.Final
2019-07-30 19:38:35,974 [main] INFO  o.springframework.web.servlet.mvc.method.annotation.RequestMappingHandlerAdapter - Looking for @ControllerAdvice: org.springframework.web.context.support.GenericWebApplicationContext@231f98ef: startup date [Tue Jul 30 19:38:34 CST 2019]; root of context hierarchy
2019-07-30 19:38:36,034 [main] INFO  o.springframework.web.servlet.mvc.method.annotation.RequestMappingHandlerMapping - Mapped "{[/]}" onto java.lang.String com.boot.controllers.MainController.home()
2019-07-30 19:38:36,035 [main] INFO  o.springframework.web.servlet.mvc.method.annotation.RequestMappingHandlerMapping - Mapped "{[/user]}" onto public java.lang.String com.boot.controllers.UserController.getIndex(org.springframework.ui.Model)
2019-07-30 19:38:36,036 [main] INFO  o.springframework.web.servlet.mvc.method.annotation.RequestMappingHandlerMapping - Mapped "{[/error]}" onto public org.springframework.http.ResponseEntity<java.util.Map<java.lang.String, java.lang.Object>> org.springframework.boot.autoconfigure.web.BasicErrorController.error(javax.servlet.http.HttpServletRequest)
2019-07-30 19:38:36,036 [main] INFO  o.springframework.web.servlet.mvc.method.annotation.RequestMappingHandlerMapping - Mapped "{[/error],produces=[text/html]}" onto public org.springframework.web.servlet.ModelAndView org.springframework.boot.autoconfigure.web.BasicErrorController.errorHtml(javax.servlet.http.HttpServletRequest,javax.servlet.http.HttpServletResponse)
2019-07-30 19:38:36,056 [main] INFO  org.springframework.web.servlet.handler.SimpleUrlHandlerMapping - Mapped URL path [/webjars/**] onto handler of type [class org.springframework.web.servlet.resource.ResourceHttpRequestHandler]
2019-07-30 19:38:36,056 [main] INFO  org.springframework.web.servlet.handler.SimpleUrlHandlerMapping - Mapped URL path [/**] onto handler of type [class org.springframework.web.servlet.resource.ResourceHttpRequestHandler]
2019-07-30 19:38:36,083 [main] INFO  org.springframework.web.servlet.handler.SimpleUrlHandlerMapping - Mapped URL path [/**/favicon.ico] onto handler of type [class org.springframework.web.servlet.resource.ResourceHttpRequestHandler]
2019-07-30 19:38:36,512 [main] INFO  com.boot.Test.DemoTest - Started DemoTest in 2.577 seconds (JVM running for 3.116)
2019-07-30 19:38:36,588 [Thread-2] INFO  org.springframework.web.context.support.GenericWebApplicationContext - Closing org.springframework.web.context.support.GenericWebApplicationContext@231f98ef: startup date [Tue Jul 30 19:38:34 CST 2019]; root of context hierarchy
2019-07-30 19:38:54,981 [main] INFO  com.boot.Test.DemoTest - Starting DemoTest on dongbenqiang-PC with PID 17232 (started by Administrator in F:\dong\spring-boot-samples-master)
2019-07-30 19:38:54,982 [main] INFO  com.boot.Test.DemoTest - No active profile set, falling back to default profiles: default
2019-07-30 19:38:55,171 [main] INFO  org.springframework.web.context.support.GenericWebApplicationContext - Refreshing org.springframework.web.context.support.GenericWebApplicationContext@231f98ef: startup date [Tue Jul 30 19:38:55 CST 2019]; root of context hierarchy
2019-07-30 19:38:55,347 [background-preinit] INFO  org.hibernate.validator.internal.util.Version - HV000001: Hibernate Validator 5.3.6.Final
2019-07-30 19:38:56,708 [main] INFO  o.springframework.web.servlet.mvc.method.annotation.RequestMappingHandlerAdapter - Looking for @ControllerAdvice: org.springframework.web.context.support.GenericWebApplicationContext@231f98ef: startup date [Tue Jul 30 19:38:55 CST 2019]; root of context hierarchy
2019-07-30 19:38:56,760 [main] INFO  o.springframework.web.servlet.mvc.method.annotation.RequestMappingHandlerMapping - Mapped "{[/]}" onto java.lang.String com.boot.controllers.MainController.home()
2019-07-30 19:38:56,761 [main] INFO  o.springframework.web.servlet.mvc.method.annotation.RequestMappingHandlerMapping - Mapped "{[/user]}" onto public java.lang.String com.boot.controllers.UserController.getIndex(org.springframework.ui.Model)
2019-07-30 19:38:56,762 [main] INFO  o.springframework.web.servlet.mvc.method.annotation.RequestMappingHandlerMapping - Mapped "{[/error]}" onto public org.springframework.http.ResponseEntity<java.util.Map<java.lang.String, java.lang.Object>> org.springframework.boot.autoconfigure.web.BasicErrorController.error(javax.servlet.http.HttpServletRequest)
2019-07-30 19:38:56,763 [main] INFO  o.springframework.web.servlet.mvc.method.annotation.RequestMappingHandlerMapping - Mapped "{[/error],produces=[text/html]}" onto public org.springframework.web.servlet.ModelAndView org.springframework.boot.autoconfigure.web.BasicErrorController.errorHtml(javax.servlet.http.HttpServletRequest,javax.servlet.http.HttpServletResponse)
2019-07-30 19:38:56,786 [main] INFO  org.springframework.web.servlet.handler.SimpleUrlHandlerMapping - Mapped URL path [/webjars/**] onto handler of type [class org.springframework.web.servlet.resource.ResourceHttpRequestHandler]
2019-07-30 19:38:56,786 [main] INFO  org.springframework.web.servlet.handler.SimpleUrlHandlerMapping - Mapped URL path [/**] onto handler of type [class org.springframework.web.servlet.resource.ResourceHttpRequestHandler]
2019-07-30 19:38:56,816 [main] INFO  org.springframework.web.servlet.handler.SimpleUrlHandlerMapping - Mapped URL path [/**/favicon.ico] onto handler of type [class org.springframework.web.servlet.resource.ResourceHttpRequestHandler]
2019-07-30 19:38:57,284 [main] INFO  com.boot.Test.DemoTest - Started DemoTest in 2.729 seconds (JVM running for 3.298)
2019-07-30 19:38:57,370 [Thread-2] INFO  org.springframework.web.context.support.GenericWebApplicationContext - Closing org.springframework.web.context.support.GenericWebApplicationContext@231f98ef: startup date [Tue Jul 30 19:38:55 CST 2019]; root of context hierarchy
2019-07-30 19:43:29,589 [main] INFO  com.boot.Test.DemoTest - Starting DemoTest on dongbenqiang-PC with PID 18356 (started by Administrator in F:\dong\spring-boot-samples-master)
2019-07-30 19:43:29,590 [main] INFO  com.boot.Test.DemoTest - No active profile set, falling back to default profiles: default
2019-07-30 19:43:29,775 [main] INFO  org.springframework.web.context.support.GenericWebApplicationContext - Refreshing org.springframework.web.context.support.GenericWebApplicationContext@231f98ef: startup date [Tue Jul 30 19:43:29 CST 2019]; root of context hierarchy
2019-07-30 19:43:29,851 [background-preinit] INFO  org.hibernate.validator.internal.util.Version - HV000001: Hibernate Validator 5.3.6.Final
2019-07-30 19:43:31,284 [main] INFO  o.springframework.web.servlet.mvc.method.annotation.RequestMappingHandlerAdapter - Looking for @ControllerAdvice: org.springframework.web.context.support.GenericWebApplicationContext@231f98ef: startup date [Tue Jul 30 19:43:29 CST 2019]; root of context hierarchy
2019-07-30 19:43:31,342 [main] INFO  o.springframework.web.servlet.mvc.method.annotation.RequestMappingHandlerMapping - Mapped "{[/]}" onto java.lang.String com.boot.controllers.MainController.home()
2019-07-30 19:43:31,344 [main] INFO  o.springframework.web.servlet.mvc.method.annotation.RequestMappingHandlerMapping - Mapped "{[/user]}" onto public java.lang.String com.boot.controllers.UserController.getIndex(org.springframework.ui.Model)
2019-07-30 19:43:31,346 [main] INFO  o.springframework.web.servlet.mvc.method.annotation.RequestMappingHandlerMapping - Mapped "{[/error]}" onto public org.springframework.http.ResponseEntity<java.util.Map<java.lang.String, java.lang.Object>> org.springframework.boot.autoconfigure.web.BasicErrorController.error(javax.servlet.http.HttpServletRequest)
2019-07-30 19:43:31,347 [main] INFO  o.springframework.web.servlet.mvc.method.annotation.RequestMappingHandlerMapping - Mapped "{[/error],produces=[text/html]}" onto public org.springframework.web.servlet.ModelAndView org.springframework.boot.autoconfigure.web.BasicErrorController.errorHtml(javax.servlet.http.HttpServletRequest,javax.servlet.http.HttpServletResponse)
2019-07-30 19:43:31,382 [main] INFO  org.springframework.web.servlet.handler.SimpleUrlHandlerMapping - Mapped URL path [/webjars/**] onto handler of type [class org.springframework.web.servlet.resource.ResourceHttpRequestHandler]
2019-07-30 19:43:31,383 [main] INFO  org.springframework.web.servlet.handler.SimpleUrlHandlerMapping - Mapped URL path [/**] onto handler of type [class org.springframework.web.servlet.resource.ResourceHttpRequestHandler]
2019-07-30 19:43:31,411 [main] INFO  org.springframework.web.servlet.handler.SimpleUrlHandlerMapping - Mapped URL path [/**/favicon.ico] onto handler of type [class org.springframework.web.servlet.resource.ResourceHttpRequestHandler]
2019-07-30 19:43:31,880 [main] INFO  com.boot.Test.DemoTest - Started DemoTest in 2.764 seconds (JVM running for 3.321)
2019-07-30 19:43:31,964 [Thread-2] INFO  org.springframework.web.context.support.GenericWebApplicationContext - Closing org.springframework.web.context.support.GenericWebApplicationContext@231f98ef: startup date [Tue Jul 30 19:43:29 CST 2019]; root of context hierarchy
2019-07-30 19:49:39,918 [main] INFO  com.boot.Test.DemoTest - Starting DemoTest on dongbenqiang-PC with PID 9880 (started by Administrator in F:\dong\spring-boot-samples-master)
2019-07-30 19:49:39,920 [main] INFO  com.boot.Test.DemoTest - No active profile set, falling back to default profiles: default
2019-07-30 19:49:40,131 [main] INFO  org.springframework.web.context.support.GenericWebApplicationContext - Refreshing org.springframework.web.context.support.GenericWebApplicationContext@31ea9581: startup date [Tue Jul 30 19:49:40 CST 2019]; root of context hierarchy
2019-07-30 19:49:40,331 [background-preinit] INFO  org.hibernate.validator.internal.util.Version - HV000001: Hibernate Validator 5.3.6.Final
2019-07-30 19:49:41,710 [main] INFO  o.springframework.web.servlet.mvc.method.annotation.RequestMappingHandlerAdapter - Looking for @ControllerAdvice: org.springframework.web.context.support.GenericWebApplicationContext@31ea9581: startup date [Tue Jul 30 19:49:40 CST 2019]; root of context hierarchy
2019-07-30 19:49:41,763 [main] INFO  o.springframework.web.servlet.mvc.method.annotation.RequestMappingHandlerMapping - Mapped "{[/]}" onto java.lang.String com.boot.controllers.MainController.home()
2019-07-30 19:49:41,765 [main] INFO  o.springframework.web.servlet.mvc.method.annotation.RequestMappingHandlerMapping - Mapped "{[/user]}" onto public java.lang.String com.boot.controllers.UserController.getIndex(org.springframework.ui.Model)
2019-07-30 19:49:41,766 [main] INFO  o.springframework.web.servlet.mvc.method.annotation.RequestMappingHandlerMapping - Mapped "{[/error]}" onto public org.springframework.http.ResponseEntity<java.util.Map<java.lang.String, java.lang.Object>> org.springframework.boot.autoconfigure.web.BasicErrorController.error(javax.servlet.http.HttpServletRequest)
2019-07-30 19:49:41,766 [main] INFO  o.springframework.web.servlet.mvc.method.annotation.RequestMappingHandlerMapping - Mapped "{[/error],produces=[text/html]}" onto public org.springframework.web.servlet.ModelAndView org.springframework.boot.autoconfigure.web.BasicErrorController.errorHtml(javax.servlet.http.HttpServletRequest,javax.servlet.http.HttpServletResponse)
2019-07-30 19:49:41,791 [main] INFO  org.springframework.web.servlet.handler.SimpleUrlHandlerMapping - Mapped URL path [/webjars/**] onto handler of type [class org.springframework.web.servlet.resource.ResourceHttpRequestHandler]
2019-07-30 19:49:41,791 [main] INFO  org.springframework.web.servlet.handler.SimpleUrlHandlerMapping - Mapped URL path [/**] onto handler of type [class org.springframework.web.servlet.resource.ResourceHttpRequestHandler]
2019-07-30 19:49:41,835 [main] INFO  org.springframework.web.servlet.handler.SimpleUrlHandlerMapping - Mapped URL path [/**/favicon.ico] onto handler of type [class org.springframework.web.servlet.resource.ResourceHttpRequestHandler]
2019-07-30 19:49:42,336 [main] INFO  com.boot.Test.DemoTest - Started DemoTest in 2.929 seconds (JVM running for 3.596)
2019-07-30 19:49:43,228 [main] INFO  com.boot.Test.DemoTest - 查找结果[SysUser(userId=1, deptId=103, parentId=null, roleId=null, loginName=admin, userName=超级管理员, email=ry@163.com, phonenumber=15888888888, sex=1, avatar=, password=29c67a30398638269fe600f73a054934, salt=111111, status=0, delFlag=0, loginIp=127.0.0.1, loginDate=Fri Mar 16 11:33:00 CST 2018, dept=SysDept(deptId=103, parentId=null, ancestors=null, deptName=研发部门, orderNum=null, leader=若依, phone=null, email=null, status=null, delFlag=null, parentName=null), roles=[], roleIds=null, postIds=null), SysUser(userId=2, deptId=105, parentId=null, roleId=null, loginName=ry, userName=若依, email=ry@qq.com, phonenumber=15666666666, sex=1, avatar=, password=8e6d98b90472783cc73c17047ddccf36, salt=222222, status=0, delFlag=0, loginIp=127.0.0.1, loginDate=Fri Mar 16 11:33:00 CST 2018, dept=SysDept(deptId=105, parentId=null, ancestors=null, deptName=测试部门, orderNum=null, leader=若依, phone=null, email=null, status=null, delFlag=null, parentName=null), roles=[], roleIds=null, postIds=null)]
2019-07-30 19:49:43,232 [Thread-2] INFO  org.springframework.web.context.support.GenericWebApplicationContext - Closing org.springframework.web.context.support.GenericWebApplicationContext@31ea9581: startup date [Tue Jul 30 19:49:40 CST 2019]; root of context hierarchy
2019-07-30 19:57:37,017 [main] INFO  com.boot.Test.DemoTest - Starting DemoTest on dongbenqiang-PC with PID 17036 (started by Administrator in F:\dong\spring-boot-samples-master)
2019-07-30 19:57:37,018 [main] INFO  com.boot.Test.DemoTest - No active profile set, falling back to default profiles: default
2019-07-30 19:57:37,203 [main] INFO  org.springframework.web.context.support.GenericWebApplicationContext - Refreshing org.springframework.web.context.support.GenericWebApplicationContext@231f98ef: startup date [Tue Jul 30 19:57:37 CST 2019]; root of context hierarchy
2019-07-30 19:57:37,323 [background-preinit] INFO  org.hibernate.validator.internal.util.Version - HV000001: Hibernate Validator 5.3.6.Final
2019-07-30 19:57:38,917 [main] INFO  o.springframework.web.servlet.mvc.method.annotation.RequestMappingHandlerAdapter - Looking for @ControllerAdvice: org.springframework.web.context.support.GenericWebApplicationContext@231f98ef: startup date [Tue Jul 30 19:57:37 CST 2019]; root of context hierarchy
2019-07-30 19:57:38,984 [main] INFO  o.springframework.web.servlet.mvc.method.annotation.RequestMappingHandlerMapping - Mapped "{[/]}" onto java.lang.String com.boot.controllers.MainController.home()
2019-07-30 19:57:38,985 [main] INFO  o.springframework.web.servlet.mvc.method.annotation.RequestMappingHandlerMapping - Mapped "{[/user]}" onto public java.lang.String com.boot.controllers.UserController.getIndex(org.springframework.ui.Model)
2019-07-30 19:57:38,987 [main] INFO  o.springframework.web.servlet.mvc.method.annotation.RequestMappingHandlerMapping - Mapped "{[/error]}" onto public org.springframework.http.ResponseEntity<java.util.Map<java.lang.String, java.lang.Object>> org.springframework.boot.autoconfigure.web.BasicErrorController.error(javax.servlet.http.HttpServletRequest)
2019-07-30 19:57:38,988 [main] INFO  o.springframework.web.servlet.mvc.method.annotation.RequestMappingHandlerMapping - Mapped "{[/error],produces=[text/html]}" onto public org.springframework.web.servlet.ModelAndView org.springframework.boot.autoconfigure.web.BasicErrorController.errorHtml(javax.servlet.http.HttpServletRequest,javax.servlet.http.HttpServletResponse)
2019-07-30 19:57:39,011 [main] INFO  org.springframework.web.servlet.handler.SimpleUrlHandlerMapping - Mapped URL path [/webjars/**] onto handler of type [class org.springframework.web.servlet.resource.ResourceHttpRequestHandler]
2019-07-30 19:57:39,011 [main] INFO  org.springframework.web.servlet.handler.SimpleUrlHandlerMapping - Mapped URL path [/**] onto handler of type [class org.springframework.web.servlet.resource.ResourceHttpRequestHandler]
2019-07-30 19:57:39,039 [main] INFO  org.springframework.web.servlet.handler.SimpleUrlHandlerMapping - Mapped URL path [/**/favicon.ico] onto handler of type [class org.springframework.web.servlet.resource.ResourceHttpRequestHandler]
2019-07-30 19:57:39,508 [main] INFO  com.boot.Test.DemoTest - Started DemoTest in 3.014 seconds (JVM running for 3.595)
2019-07-30 19:57:39,941 [main] INFO  com.boot.Test.DemoTest - 查找结果[SysUser(userId=1, deptId=103, parentId=null, roleId=null, loginName=admin, userName=超级管理员, email=ry@163.com, phonenumber=15888888888, sex=1, avatar=, password=29c67a30398638269fe600f73a054934, salt=111111, status=0, delFlag=0, loginIp=127.0.0.1, loginDate=Fri Mar 16 11:33:00 CST 2018, dept=SysDept(deptId=103, parentId=null, ancestors=null, deptName=研发部门, orderNum=null, leader=若依, phone=null, email=null, status=null, delFlag=null, parentName=null), roles=[], roleIds=null, postIds=null), SysUser(userId=2, deptId=105, parentId=null, roleId=null, loginName=ry, userName=若依, email=ry@qq.com, phonenumber=15666666666, sex=1, avatar=, password=8e6d98b90472783cc73c17047ddccf36, salt=222222, status=0, delFlag=0, loginIp=127.0.0.1, loginDate=Fri Mar 16 11:33:00 CST 2018, dept=SysDept(deptId=105, parentId=null, ancestors=null, deptName=测试部门, orderNum=null, leader=若依, phone=null, email=null, status=null, delFlag=null, parentName=null), roles=[], roleIds=null, postIds=null)]
2019-07-30 19:57:39,946 [Thread-2] INFO  org.springframework.web.context.support.GenericWebApplicationContext - Closing org.springframework.web.context.support.GenericWebApplicationContext@231f98ef: startup date [Tue Jul 30 19:57:37 CST 2019]; root of context hierarchy
2019-07-30 20:01:37,011 [main] INFO  com.boot.Test.DemoTest - Starting DemoTest on dongbenqiang-PC with PID 4764 (started by Administrator in F:\dong\spring-boot-samples-master)
2019-07-30 20:01:37,012 [main] INFO  com.boot.Test.DemoTest - No active profile set, falling back to default profiles: default
2019-07-30 20:01:37,203 [main] INFO  org.springframework.web.context.support.GenericWebApplicationContext - Refreshing org.springframework.web.context.support.GenericWebApplicationContext@231f98ef: startup date [Tue Jul 30 20:01:37 CST 2019]; root of context hierarchy
2019-07-30 20:01:37,355 [background-preinit] INFO  org.hibernate.validator.internal.util.Version - HV000001: Hibernate Validator 5.3.6.Final
2019-07-30 20:01:38,783 [main] INFO  o.springframework.web.servlet.mvc.method.annotation.RequestMappingHandlerAdapter - Looking for @ControllerAdvice: org.springframework.web.context.support.GenericWebApplicationContext@231f98ef: startup date [Tue Jul 30 20:01:37 CST 2019]; root of context hierarchy
2019-07-30 20:01:38,850 [main] INFO  o.springframework.web.servlet.mvc.method.annotation.RequestMappingHandlerMapping - Mapped "{[/]}" onto java.lang.String com.boot.controllers.MainController.home()
2019-07-30 20:01:38,850 [main] INFO  o.springframework.web.servlet.mvc.method.annotation.RequestMappingHandlerMapping - Mapped "{[/user]}" onto public java.lang.String com.boot.controllers.UserController.getIndex(org.springframework.ui.Model)
2019-07-30 20:01:38,851 [main] INFO  o.springframework.web.servlet.mvc.method.annotation.RequestMappingHandlerMapping - Mapped "{[/error]}" onto public org.springframework.http.ResponseEntity<java.util.Map<java.lang.String, java.lang.Object>> org.springframework.boot.autoconfigure.web.BasicErrorController.error(javax.servlet.http.HttpServletRequest)
2019-07-30 20:01:38,853 [main] INFO  o.springframework.web.servlet.mvc.method.annotation.RequestMappingHandlerMapping - Mapped "{[/error],produces=[text/html]}" onto public org.springframework.web.servlet.ModelAndView org.springframework.boot.autoconfigure.web.BasicErrorController.errorHtml(javax.servlet.http.HttpServletRequest,javax.servlet.http.HttpServletResponse)
2019-07-30 20:01:38,875 [main] INFO  org.springframework.web.servlet.handler.SimpleUrlHandlerMapping - Mapped URL path [/webjars/**] onto handler of type [class org.springframework.web.servlet.resource.ResourceHttpRequestHandler]
2019-07-30 20:01:38,875 [main] INFO  org.springframework.web.servlet.handler.SimpleUrlHandlerMapping - Mapped URL path [/**] onto handler of type [class org.springframework.web.servlet.resource.ResourceHttpRequestHandler]
2019-07-30 20:01:38,904 [main] INFO  org.springframework.web.servlet.handler.SimpleUrlHandlerMapping - Mapped URL path [/**/favicon.ico] onto handler of type [class org.springframework.web.servlet.resource.ResourceHttpRequestHandler]
2019-07-30 20:01:39,385 [main] INFO  com.boot.Test.DemoTest - Started DemoTest in 2.836 seconds (JVM running for 3.382)
2019-07-30 20:01:39,783 [main] INFO  org.springframework.beans.factory.xml.XmlBeanDefinitionReader - Loading XML bean definitions from class path resource [org/springframework/jdbc/support/sql-error-codes.xml]
2019-07-30 20:01:39,806 [main] INFO  org.springframework.jdbc.support.SQLErrorCodesFactory - SQLErrorCodes loaded: [DB2, Derby, H2, HSQL, Informix, MS-SQL, MySQL, Oracle, PostgreSQL, Sybase, Hana]
2019-07-30 20:01:39,817 [Thread-2] INFO  org.springframework.web.context.support.GenericWebApplicationContext - Closing org.springframework.web.context.support.GenericWebApplicationContext@231f98ef: startup date [Tue Jul 30 20:01:37 CST 2019]; root of context hierarchy
2019-07-30 20:02:56,564 [main] INFO  com.boot.Test.DemoTest - Starting DemoTest on dongbenqiang-PC with PID 17876 (started by Administrator in F:\dong\spring-boot-samples-master)
2019-07-30 20:02:56,566 [main] INFO  com.boot.Test.DemoTest - No active profile set, falling back to default profiles: default
2019-07-30 20:02:56,727 [main] INFO  org.springframework.web.context.support.GenericWebApplicationContext - Refreshing org.springframework.web.context.support.GenericWebApplicationContext@231f98ef: startup date [Tue Jul 30 20:02:56 CST 2019]; root of context hierarchy
2019-07-30 20:02:56,866 [background-preinit] INFO  org.hibernate.validator.internal.util.Version - HV000001: Hibernate Validator 5.3.6.Final
2019-07-30 20:02:58,271 [main] INFO  o.springframework.web.servlet.mvc.method.annotation.RequestMappingHandlerAdapter - Looking for @ControllerAdvice: org.springframework.web.context.support.GenericWebApplicationContext@231f98ef: startup date [Tue Jul 30 20:02:56 CST 2019]; root of context hierarchy
2019-07-30 20:02:58,325 [main] INFO  o.springframework.web.servlet.mvc.method.annotation.RequestMappingHandlerMapping - Mapped "{[/]}" onto java.lang.String com.boot.controllers.MainController.home()
2019-07-30 20:02:58,326 [main] INFO  o.springframework.web.servlet.mvc.method.annotation.RequestMappingHandlerMapping - Mapped "{[/user]}" onto public java.lang.String com.boot.controllers.UserController.getIndex(org.springframework.ui.Model)
2019-07-30 20:02:58,327 [main] INFO  o.springframework.web.servlet.mvc.method.annotation.RequestMappingHandlerMapping - Mapped "{[/error]}" onto public org.springframework.http.ResponseEntity<java.util.Map<java.lang.String, java.lang.Object>> org.springframework.boot.autoconfigure.web.BasicErrorController.error(javax.servlet.http.HttpServletRequest)
2019-07-30 20:02:58,328 [main] INFO  o.springframework.web.servlet.mvc.method.annotation.RequestMappingHandlerMapping - Mapped "{[/error],produces=[text/html]}" onto public org.springframework.web.servlet.ModelAndView org.springframework.boot.autoconfigure.web.BasicErrorController.errorHtml(javax.servlet.http.HttpServletRequest,javax.servlet.http.HttpServletResponse)
2019-07-30 20:02:58,352 [main] INFO  org.springframework.web.servlet.handler.SimpleUrlHandlerMapping - Mapped URL path [/webjars/**] onto handler of type [class org.springframework.web.servlet.resource.ResourceHttpRequestHandler]
2019-07-30 20:02:58,352 [main] INFO  org.springframework.web.servlet.handler.SimpleUrlHandlerMapping - Mapped URL path [/**] onto handler of type [class org.springframework.web.servlet.resource.ResourceHttpRequestHandler]
2019-07-30 20:02:58,390 [main] INFO  org.springframework.web.servlet.handler.SimpleUrlHandlerMapping - Mapped URL path [/**/favicon.ico] onto handler of type [class org.springframework.web.servlet.resource.ResourceHttpRequestHandler]
2019-07-30 20:02:58,903 [main] INFO  com.boot.Test.DemoTest - Started DemoTest in 2.808 seconds (JVM running for 3.393)
2019-07-30 20:02:59,490 [main] INFO  com.boot.Test.DemoTest - 查找结果[SysUser(userId=1, deptId=103, parentId=null, roleId=null, loginName=admin, userName=超级管理员, email=ry@163.com, phonenumber=15888888888, sex=1, avatar=, password=29c67a30398638269fe600f73a054934, salt=111111, status=0, delFlag=0, loginIp=127.0.0.1, loginDate=Fri Mar 16 11:33:00 CST 2018, dept=SysDept(deptId=103, parentId=null, ancestors=null, deptName=研发部门, orderNum=null, leader=若依, phone=null, email=null, status=null, delFlag=null, parentName=null), roles=[], roleIds=null, postIds=null)]
2019-07-30 20:02:59,494 [Thread-2] INFO  org.springframework.web.context.support.GenericWebApplicationContext - Closing org.springframework.web.context.support.GenericWebApplicationContext@231f98ef: startup date [Tue Jul 30 20:02:56 CST 2019]; root of context hierarchy
2019-07-30 20:15:23,333 [main] INFO  com.boot.Test.DemoTest - Starting DemoTest on dongbenqiang-PC with PID 15568 (started by Administrator in F:\dong\spring-boot-samples-master)
2019-07-30 20:15:23,333 [main] INFO  com.boot.Test.DemoTest - No active profile set, falling back to default profiles: default
2019-07-30 20:15:23,526 [main] INFO  org.springframework.web.context.support.GenericWebApplicationContext - Refreshing org.springframework.web.context.support.GenericWebApplicationContext@231f98ef: startup date [Tue Jul 30 20:15:23 CST 2019]; root of context hierarchy
2019-07-30 20:15:23,593 [background-preinit] INFO  org.hibernate.validator.internal.util.Version - HV000001: Hibernate Validator 5.3.6.Final
2019-07-30 20:15:25,155 [main] INFO  o.springframework.web.servlet.mvc.method.annotation.RequestMappingHandlerAdapter - Looking for @ControllerAdvice: org.springframework.web.context.support.GenericWebApplicationContext@231f98ef: startup date [Tue Jul 30 20:15:23 CST 2019]; root of context hierarchy
2019-07-30 20:15:25,206 [main] INFO  o.springframework.web.servlet.mvc.method.annotation.RequestMappingHandlerMapping - Mapped "{[/]}" onto java.lang.String com.boot.controllers.MainController.home()
2019-07-30 20:15:25,207 [main] INFO  o.springframework.web.servlet.mvc.method.annotation.RequestMappingHandlerMapping - Mapped "{[/user]}" onto public java.lang.String com.boot.controllers.UserController.getIndex(org.springframework.ui.Model)
2019-07-30 20:15:25,208 [main] INFO  o.springframework.web.servlet.mvc.method.annotation.RequestMappingHandlerMapping - Mapped "{[/error]}" onto public org.springframework.http.ResponseEntity<java.util.Map<java.lang.String, java.lang.Object>> org.springframework.boot.autoconfigure.web.BasicErrorController.error(javax.servlet.http.HttpServletRequest)
2019-07-30 20:15:25,209 [main] INFO  o.springframework.web.servlet.mvc.method.annotation.RequestMappingHandlerMapping - Mapped "{[/error],produces=[text/html]}" onto public org.springframework.web.servlet.ModelAndView org.springframework.boot.autoconfigure.web.BasicErrorController.errorHtml(javax.servlet.http.HttpServletRequest,javax.servlet.http.HttpServletResponse)
2019-07-30 20:15:25,231 [main] INFO  org.springframework.web.servlet.handler.SimpleUrlHandlerMapping - Mapped URL path [/webjars/**] onto handler of type [class org.springframework.web.servlet.resource.ResourceHttpRequestHandler]
2019-07-30 20:15:25,232 [main] INFO  org.springframework.web.servlet.handler.SimpleUrlHandlerMapping - Mapped URL path [/**] onto handler of type [class org.springframework.web.servlet.resource.ResourceHttpRequestHandler]
2019-07-30 20:15:25,264 [main] INFO  org.springframework.web.servlet.handler.SimpleUrlHandlerMapping - Mapped URL path [/**/favicon.ico] onto handler of type [class org.springframework.web.servlet.resource.ResourceHttpRequestHandler]
2019-07-30 20:15:25,703 [main] INFO  com.boot.Test.DemoTest - Started DemoTest in 2.92 seconds (JVM running for 3.523)
2019-07-30 20:15:26,105 [main] INFO  com.boot.Test.DemoTest - {}null
2019-07-30 20:15:26,105 [main] INFO  com.boot.Test.DemoTest - 查找结果[SysUser(userId=1, deptId=103, parentId=null, roleId=null, loginName=admin, userName=若依, email=ry@163.com, phonenumber=15888888888, sex=1, avatar=, password=29c67a30398638269fe600f73a054934, salt=111111, status=0, delFlag=0, loginIp=127.0.0.1, loginDate=Fri Mar 16 11:33:00 CST 2018, dept=SysDept(deptId=103, parentId=null, ancestors=null, deptName=研发部门, orderNum=null, leader=若依, phone=null, email=null, status=null, delFlag=null, parentName=null), roles=[], roleIds=null, postIds=null)]
2019-07-30 20:15:26,109 [Thread-2] INFO  org.springframework.web.context.support.GenericWebApplicationContext - Closing org.springframework.web.context.support.GenericWebApplicationContext@231f98ef: startup date [Tue Jul 30 20:15:23 CST 2019]; root of context hierarchy
2019-07-30 20:16:30,506 [main] INFO  com.boot.Test.DemoTest - Starting DemoTest on dongbenqiang-PC with PID 11172 (started by Administrator in F:\dong\spring-boot-samples-master)
2019-07-30 20:16:30,506 [main] INFO  com.boot.Test.DemoTest - No active profile set, falling back to default profiles: default
2019-07-30 20:16:30,765 [main] INFO  org.springframework.web.context.support.GenericWebApplicationContext - Refreshing org.springframework.web.context.support.GenericWebApplicationContext@231f98ef: startup date [Tue Jul 30 20:16:30 CST 2019]; root of context hierarchy
2019-07-30 20:16:30,915 [background-preinit] INFO  org.hibernate.validator.internal.util.Version - HV000001: Hibernate Validator 5.3.6.Final
2019-07-30 20:16:32,296 [main] INFO  o.springframework.web.servlet.mvc.method.annotation.RequestMappingHandlerAdapter - Looking for @ControllerAdvice: org.springframework.web.context.support.GenericWebApplicationContext@231f98ef: startup date [Tue Jul 30 20:16:30 CST 2019]; root of context hierarchy
2019-07-30 20:16:32,347 [main] INFO  o.springframework.web.servlet.mvc.method.annotation.RequestMappingHandlerMapping - Mapped "{[/]}" onto java.lang.String com.boot.controllers.MainController.home()
2019-07-30 20:16:32,348 [main] INFO  o.springframework.web.servlet.mvc.method.annotation.RequestMappingHandlerMapping - Mapped "{[/user]}" onto public java.lang.String com.boot.controllers.UserController.getIndex(org.springframework.ui.Model)
2019-07-30 20:16:32,350 [main] INFO  o.springframework.web.servlet.mvc.method.annotation.RequestMappingHandlerMapping - Mapped "{[/error]}" onto public org.springframework.http.ResponseEntity<java.util.Map<java.lang.String, java.lang.Object>> org.springframework.boot.autoconfigure.web.BasicErrorController.error(javax.servlet.http.HttpServletRequest)
2019-07-30 20:16:32,350 [main] INFO  o.springframework.web.servlet.mvc.method.annotation.RequestMappingHandlerMapping - Mapped "{[/error],produces=[text/html]}" onto public org.springframework.web.servlet.ModelAndView org.springframework.boot.autoconfigure.web.BasicErrorController.errorHtml(javax.servlet.http.HttpServletRequest,javax.servlet.http.HttpServletResponse)
2019-07-30 20:16:32,385 [main] INFO  org.springframework.web.servlet.handler.SimpleUrlHandlerMapping - Mapped URL path [/webjars/**] onto handler of type [class org.springframework.web.servlet.resource.ResourceHttpRequestHandler]
2019-07-30 20:16:32,385 [main] INFO  org.springframework.web.servlet.handler.SimpleUrlHandlerMapping - Mapped URL path [/**] onto handler of type [class org.springframework.web.servlet.resource.ResourceHttpRequestHandler]
2019-07-30 20:16:32,414 [main] INFO  org.springframework.web.servlet.handler.SimpleUrlHandlerMapping - Mapped URL path [/**/favicon.ico] onto handler of type [class org.springframework.web.servlet.resource.ResourceHttpRequestHandler]
2019-07-30 20:16:32,851 [main] INFO  com.boot.Test.DemoTest - Started DemoTest in 2.813 seconds (JVM running for 3.373)
2019-07-30 20:16:33,268 [main] INFO  com.boot.Test.DemoTest - {}null
2019-07-30 20:16:33,269 [main] INFO  com.boot.Test.DemoTest - 查找结果[SysUser(userId=1, deptId=103, parentId=null, roleId=null, loginName=admin, userName=若依, email=ry@163.com, phonenumber=15888888888, sex=1, avatar=, password=29c67a30398638269fe600f73a054934, salt=111111, status=0, delFlag=0, loginIp=127.0.0.1, loginDate=Fri Mar 16 11:33:00 CST 2018, dept=SysDept(deptId=103, parentId=null, ancestors=null, deptName=研发部门, orderNum=null, leader=若依, phone=null, email=null, status=null, delFlag=null, parentName=null), roles=[], roleIds=null, postIds=null)]
2019-07-30 20:16:33,273 [Thread-2] INFO  org.springframework.web.context.support.GenericWebApplicationContext - Closing org.springframework.web.context.support.GenericWebApplicationContext@231f98ef: startup date [Tue Jul 30 20:16:30 CST 2019]; root of context hierarchy
2019-07-30 20:18:28,910 [main] INFO  com.boot.Test.DemoTest - Starting DemoTest on dongbenqiang-PC with PID 10860 (started by Administrator in F:\dong\spring-boot-samples-master)
2019-07-30 20:18:28,912 [main] INFO  com.boot.Test.DemoTest - No active profile set, falling back to default profiles: default
2019-07-30 20:18:29,141 [main] INFO  org.springframework.web.context.support.GenericWebApplicationContext - Refreshing org.springframework.web.context.support.GenericWebApplicationContext@231f98ef: startup date [Tue Jul 30 20:18:29 CST 2019]; root of context hierarchy
2019-07-30 20:18:29,347 [background-preinit] INFO  org.hibernate.validator.internal.util.Version - HV000001: Hibernate Validator 5.3.6.Final
2019-07-30 20:18:30,720 [main] INFO  o.springframework.web.servlet.mvc.method.annotation.RequestMappingHandlerAdapter - Looking for @ControllerAdvice: org.springframework.web.context.support.GenericWebApplicationContext@231f98ef: startup date [Tue Jul 30 20:18:29 CST 2019]; root of context hierarchy
2019-07-30 20:18:30,786 [main] INFO  o.springframework.web.servlet.mvc.method.annotation.RequestMappingHandlerMapping - Mapped "{[/]}" onto java.lang.String com.boot.controllers.MainController.home()
2019-07-30 20:18:30,788 [main] INFO  o.springframework.web.servlet.mvc.method.annotation.RequestMappingHandlerMapping - Mapped "{[/user]}" onto public java.lang.String com.boot.controllers.UserController.getIndex(org.springframework.ui.Model)
2019-07-30 20:18:30,789 [main] INFO  o.springframework.web.servlet.mvc.method.annotation.RequestMappingHandlerMapping - Mapped "{[/error]}" onto public org.springframework.http.ResponseEntity<java.util.Map<java.lang.String, java.lang.Object>> org.springframework.boot.autoconfigure.web.BasicErrorController.error(javax.servlet.http.HttpServletRequest)
2019-07-30 20:18:30,790 [main] INFO  o.springframework.web.servlet.mvc.method.annotation.RequestMappingHandlerMapping - Mapped "{[/error],produces=[text/html]}" onto public org.springframework.web.servlet.ModelAndView org.springframework.boot.autoconfigure.web.BasicErrorController.errorHtml(javax.servlet.http.HttpServletRequest,javax.servlet.http.HttpServletResponse)
2019-07-30 20:18:30,812 [main] INFO  org.springframework.web.servlet.handler.SimpleUrlHandlerMapping - Mapped URL path [/webjars/**] onto handler of type [class org.springframework.web.servlet.resource.ResourceHttpRequestHandler]
2019-07-30 20:18:30,812 [main] INFO  org.springframework.web.servlet.handler.SimpleUrlHandlerMapping - Mapped URL path [/**] onto handler of type [class org.springframework.web.servlet.resource.ResourceHttpRequestHandler]
2019-07-30 20:18:30,839 [main] INFO  org.springframework.web.servlet.handler.SimpleUrlHandlerMapping - Mapped URL path [/**/favicon.ico] onto handler of type [class org.springframework.web.servlet.resource.ResourceHttpRequestHandler]
2019-07-30 20:18:31,316 [main] INFO  com.boot.Test.DemoTest - Started DemoTest in 2.866 seconds (JVM running for 3.445)
2019-07-30 20:18:31,725 [main] INFO  com.boot.Test.DemoTest - {}null
2019-07-30 20:18:31,725 [main] INFO  com.boot.Test.DemoTest - 查找结果[SysUser(userId=1, deptId=103, parentId=null, roleId=null, loginName=admin, userName=若依, email=ry@163.com, phonenumber=15888888888, sex=1, avatar=, password=29c67a30398638269fe600f73a054934, salt=111111, status=0, delFlag=0, loginIp=127.0.0.1, loginDate=Fri Mar 16 11:33:00 CST 2018, dept=SysDept(deptId=103, parentId=null, ancestors=null, deptName=研发部门, orderNum=null, leader=若依, phone=null, email=null, status=null, delFlag=null, parentName=null), roles=[], roleIds=null, postIds=null)]
2019-07-30 20:18:31,730 [Thread-2] INFO  org.springframework.web.context.support.GenericWebApplicationContext - Closing org.springframework.web.context.support.GenericWebApplicationContext@231f98ef: startup date [Tue Jul 30 20:18:29 CST 2019]; root of context hierarchy
